[2025-10-03 17:23:21,590] multiqc                                            [DEBUG  ]  This is MultiQC v1.12
[2025-10-03 17:23:21,590] multiqc                                            [DEBUG  ]  No MultiQC config found: /usr/lib/python3/dist-packages/multiqc_config.yaml
[2025-10-03 17:23:21,590] multiqc                                            [DEBUG  ]  No MultiQC config found: /home/athiyo/.multiqc_config.yaml
[2025-10-03 17:23:21,590] multiqc                                            [DEBUG  ]  No MultiQC config found: multiqc_config.yaml
[2025-10-03 17:23:21,590] multiqc                                            [DEBUG  ]  Command used: /usr/bin/multiqc -o fastqc_raw fastqc_raw
[2025-10-03 17:23:23,746] multiqc                                            [WARNING]  MultiQC Version v1.31 now available!
[2025-10-03 17:23:23,747] multiqc                                            [DEBUG  ]  Command     : /usr/bin/multiqc -o fastqc_raw fastqc_raw
[2025-10-03 17:23:23,747] multiqc                                            [DEBUG  ]  Working dir : /home/athiyo/Batch3_16S
[2025-10-03 17:23:23,747] multiqc                                            [DEBUG  ]  Template    : default
[2025-10-03 17:23:23,747] multiqc                                            [DEBUG  ]  Running Python 3.10.12 (main, Aug 15 2025, 14:32:43) [GCC 11.4.0]
[2025-10-03 17:23:23,747] multiqc                                            [DEBUG  ]  Analysing modules: custom_content, ccs, ngsderive, purple, conpair, lima, peddy, somalier, methylQA, mosdepth, phantompeakqualtools, qualimap, preseq, quast, qorts, rna_seqc, rockhopper, rsem, rseqc, busco, bustools, goleft_indexcov, gffcompare, disambiguate, supernova, deeptools, sargasso, verifybamid, mirtrace, happy, mirtop, sambamba, homer, hops, macs2, theta2, snpeff, gatk, htseq, bcftools, featureCounts, fgbio, dragen, dedup, pbmarkdup, damageprofiler, biobambam2, jcvi, mtnucratio, picard, vep, sentieon, prokka, qc3C, nanostat, samblaster, samtools, sexdeterrmine, eigenstratdatabasetools, bamtools, jellyfish, vcftools, longranger, stacks, varscan2, snippy, bbmap, bismark, biscuit, hicexplorer, hicup, hicpro, salmon, kallisto, slamdunk, star, hisat2, tophat, bowtie2, bowtie1, snpsplit, odgi, pangolin, kat, leehom, adapterRemoval, clipandmerge, cutadapt, flexbar, kaiju, kraken, malt, trimmomatic, sickle, skewer, sortmerna, biobloomtools, fastq_screen, afterqc, fastp, fastqc, pychopper, pycoqc, minionqc, multivcfanalyzer, clusterflow, checkqc, bcl2fastq, bclconvert, interop, ivar, flash, seqyclean, optitype, whatshap
[2025-10-03 17:23:23,756] multiqc                                            [DEBUG  ]  Using temporary directory for creating report: /tmp/tmpocuohzmo
[2025-10-03 17:23:23,757] multiqc                                            [INFO   ]  Search path : /home/athiyo/Batch3_16S/fastqc_raw
[2025-10-03 17:23:23,809] multiqc                                            [DEBUG  ]  File ignored by ccs/v4 because it exceeded search pattern filesize limit: ERR4043582_2_fastqc.html
[2025-10-03 17:23:23,810] multiqc                                            [DEBUG  ]  File ignored by hicexplorer because it exceeded search pattern filesize limit: ERR4043582_2_fastqc.html
[2025-10-03 17:23:23,810] multiqc                                            [DEBUG  ]  File ignored by lima/summary because it exceeded search pattern filesize limit: ERR4043582_2_fastqc.html
[2025-10-03 17:23:23,812] multiqc                                            [DEBUG  ]  File ignored by vep/vep_txt because it exceeded search pattern filesize limit: ERR4043582_2_fastqc.html
[2025-10-03 17:23:23,812] multiqc                                            [DEBUG  ]  File ignored by longranger/invocation because it exceeded search pattern filesize limit: ERR4043582_2_fastqc.html
[2025-10-03 17:23:23,812] multiqc                                            [DEBUG  ]  File ignored by rockhopper because it exceeded search pattern filesize limit: ERR4043582_2_fastqc.html
[2025-10-03 17:23:23,812] multiqc                                            [DEBUG  ]  File ignored by rseqc/bam_stat because it exceeded search pattern filesize limit: ERR4043582_2_fastqc.html
[2025-10-03 17:23:23,812] multiqc                                            [DEBUG  ]  File ignored by rseqc/junction_annotation because it exceeded search pattern filesize limit: ERR4043582_2_fastqc.html
[2025-10-03 17:23:23,812] multiqc                                            [DEBUG  ]  File ignored by rseqc/read_distribution because it exceeded search pattern filesize limit: ERR4043582_2_fastqc.html
[2025-10-03 17:23:23,812] multiqc                                            [DEBUG  ]  File ignored by rseqc/infer_experiment because it exceeded search pattern filesize limit: ERR4043582_2_fastqc.html
[2025-10-03 17:23:23,901] multiqc                                            [DEBUG  ]  File ignored by nanostat because it exceeded search pattern filesize limit: ERR4043582_2_fastqc.html
[2025-10-03 17:23:23,910] multiqc                                            [DEBUG  ]  File ignored by ccs/v4 because it exceeded search pattern filesize limit: ERR4042941_2_fastqc.html
[2025-10-03 17:23:23,911] multiqc                                            [DEBUG  ]  File ignored by hicexplorer because it exceeded search pattern filesize limit: ERR4042941_2_fastqc.html
[2025-10-03 17:23:23,911] multiqc                                            [DEBUG  ]  File ignored by lima/summary because it exceeded search pattern filesize limit: ERR4042941_2_fastqc.html
[2025-10-03 17:23:23,911] multiqc                                            [DEBUG  ]  File ignored by vep/vep_html because it exceeded search pattern filesize limit: ERR4042941_2_fastqc.html
[2025-10-03 17:23:23,912] multiqc                                            [DEBUG  ]  File ignored by vep/vep_txt because it exceeded search pattern filesize limit: ERR4042941_2_fastqc.html
[2025-10-03 17:23:23,912] multiqc                                            [DEBUG  ]  File ignored by longranger/invocation because it exceeded search pattern filesize limit: ERR4042941_2_fastqc.html
[2025-10-03 17:23:23,912] multiqc                                            [DEBUG  ]  File ignored by rockhopper because it exceeded search pattern filesize limit: ERR4042941_2_fastqc.html
[2025-10-03 17:23:23,912] multiqc                                            [DEBUG  ]  File ignored by rseqc/bam_stat because it exceeded search pattern filesize limit: ERR4042941_2_fastqc.html
[2025-10-03 17:23:23,912] multiqc                                            [DEBUG  ]  File ignored by rseqc/junction_annotation because it exceeded search pattern filesize limit: ERR4042941_2_fastqc.html
[2025-10-03 17:23:23,912] multiqc                                            [DEBUG  ]  File ignored by rseqc/read_distribution because it exceeded search pattern filesize limit: ERR4042941_2_fastqc.html
[2025-10-03 17:23:23,912] multiqc                                            [DEBUG  ]  File ignored by rseqc/infer_experiment because it exceeded search pattern filesize limit: ERR4042941_2_fastqc.html
[2025-10-03 17:23:23,913] multiqc                                            [DEBUG  ]  File ignored by stacks/sumstats because it exceeded search pattern filesize limit: ERR4042941_2_fastqc.html
[2025-10-03 17:23:23,999] multiqc                                            [DEBUG  ]  File ignored by nanostat because it exceeded search pattern filesize limit: ERR4042941_2_fastqc.html
[2025-10-03 17:23:24,008] multiqc                                            [DEBUG  ]  File ignored by ccs/v4 because it exceeded search pattern filesize limit: ERR4043806_2_fastqc.html
[2025-10-03 17:23:24,008] multiqc                                            [DEBUG  ]  File ignored by hicexplorer because it exceeded search pattern filesize limit: ERR4043806_2_fastqc.html
[2025-10-03 17:23:24,008] multiqc                                            [DEBUG  ]  File ignored by lima/summary because it exceeded search pattern filesize limit: ERR4043806_2_fastqc.html
[2025-10-03 17:23:24,009] multiqc                                            [DEBUG  ]  File ignored by vep/vep_html because it exceeded search pattern filesize limit: ERR4043806_2_fastqc.html
[2025-10-03 17:23:24,009] multiqc                                            [DEBUG  ]  File ignored by vep/vep_txt because it exceeded search pattern filesize limit: ERR4043806_2_fastqc.html
[2025-10-03 17:23:24,009] multiqc                                            [DEBUG  ]  File ignored by longranger/invocation because it exceeded search pattern filesize limit: ERR4043806_2_fastqc.html
[2025-10-03 17:23:24,009] multiqc                                            [DEBUG  ]  File ignored by rockhopper because it exceeded search pattern filesize limit: ERR4043806_2_fastqc.html
[2025-10-03 17:23:24,009] multiqc                                            [DEBUG  ]  File ignored by rseqc/bam_stat because it exceeded search pattern filesize limit: ERR4043806_2_fastqc.html
[2025-10-03 17:23:24,009] multiqc                                            [DEBUG  ]  File ignored by rseqc/junction_annotation because it exceeded search pattern filesize limit: ERR4043806_2_fastqc.html
[2025-10-03 17:23:24,009] multiqc                                            [DEBUG  ]  File ignored by rseqc/read_distribution because it exceeded search pattern filesize limit: ERR4043806_2_fastqc.html
[2025-10-03 17:23:24,009] multiqc                                            [DEBUG  ]  File ignored by rseqc/infer_experiment because it exceeded search pattern filesize limit: ERR4043806_2_fastqc.html
[2025-10-03 17:23:24,011] multiqc                                            [DEBUG  ]  File ignored by stacks/sumstats because it exceeded search pattern filesize limit: ERR4043806_2_fastqc.html
[2025-10-03 17:23:24,097] multiqc                                            [DEBUG  ]  File ignored by nanostat because it exceeded search pattern filesize limit: ERR4043806_2_fastqc.html
[2025-10-03 17:23:24,105] multiqc                                            [DEBUG  ]  File ignored by ccs/v4 because it exceeded search pattern filesize limit: ERR4043615_2_fastqc.html
[2025-10-03 17:23:24,105] multiqc                                            [DEBUG  ]  File ignored by hicexplorer because it exceeded search pattern filesize limit: ERR4043615_2_fastqc.html
[2025-10-03 17:23:24,106] multiqc                                            [DEBUG  ]  File ignored by lima/summary because it exceeded search pattern filesize limit: ERR4043615_2_fastqc.html
[2025-10-03 17:23:24,106] multiqc                                            [DEBUG  ]  File ignored by vep/vep_txt because it exceeded search pattern filesize limit: ERR4043615_2_fastqc.html
[2025-10-03 17:23:24,106] multiqc                                            [DEBUG  ]  File ignored by longranger/invocation because it exceeded search pattern filesize limit: ERR4043615_2_fastqc.html
[2025-10-03 17:23:24,106] multiqc                                            [DEBUG  ]  File ignored by rockhopper because it exceeded search pattern filesize limit: ERR4043615_2_fastqc.html
[2025-10-03 17:23:24,106] multiqc                                            [DEBUG  ]  File ignored by rseqc/bam_stat because it exceeded search pattern filesize limit: ERR4043615_2_fastqc.html
[2025-10-03 17:23:24,107] multiqc                                            [DEBUG  ]  File ignored by rseqc/junction_annotation because it exceeded search pattern filesize limit: ERR4043615_2_fastqc.html
[2025-10-03 17:23:24,107] multiqc                                            [DEBUG  ]  File ignored by rseqc/read_distribution because it exceeded search pattern filesize limit: ERR4043615_2_fastqc.html
[2025-10-03 17:23:24,107] multiqc                                            [DEBUG  ]  File ignored by rseqc/infer_experiment because it exceeded search pattern filesize limit: ERR4043615_2_fastqc.html
[2025-10-03 17:23:24,195] multiqc                                            [DEBUG  ]  File ignored by nanostat because it exceeded search pattern filesize limit: ERR4043615_2_fastqc.html
[2025-10-03 17:23:24,202] multiqc                                            [DEBUG  ]  File ignored by ccs/v4 because it exceeded search pattern filesize limit: ERR4043366_1_fastqc.html
[2025-10-03 17:23:24,203] multiqc                                            [DEBUG  ]  File ignored by hicexplorer because it exceeded search pattern filesize limit: ERR4043366_1_fastqc.html
[2025-10-03 17:23:24,203] multiqc                                            [DEBUG  ]  File ignored by lima/summary because it exceeded search pattern filesize limit: ERR4043366_1_fastqc.html
[2025-10-03 17:23:24,204] multiqc                                            [DEBUG  ]  File ignored by vep/vep_txt because it exceeded search pattern filesize limit: ERR4043366_1_fastqc.html
[2025-10-03 17:23:24,204] multiqc                                            [DEBUG  ]  File ignored by longranger/invocation because it exceeded search pattern filesize limit: ERR4043366_1_fastqc.html
[2025-10-03 17:23:24,204] multiqc                                            [DEBUG  ]  File ignored by rockhopper because it exceeded search pattern filesize limit: ERR4043366_1_fastqc.html
[2025-10-03 17:23:24,204] multiqc                                            [DEBUG  ]  File ignored by rseqc/bam_stat because it exceeded search pattern filesize limit: ERR4043366_1_fastqc.html
[2025-10-03 17:23:24,204] multiqc                                            [DEBUG  ]  File ignored by rseqc/junction_annotation because it exceeded search pattern filesize limit: ERR4043366_1_fastqc.html
[2025-10-03 17:23:24,204] multiqc                                            [DEBUG  ]  File ignored by rseqc/read_distribution because it exceeded search pattern filesize limit: ERR4043366_1_fastqc.html
[2025-10-03 17:23:24,204] multiqc                                            [DEBUG  ]  File ignored by rseqc/infer_experiment because it exceeded search pattern filesize limit: ERR4043366_1_fastqc.html
[2025-10-03 17:23:24,236] multiqc                                            [DEBUG  ]  File ignored by nanostat because it exceeded search pattern filesize limit: ERR4043366_1_fastqc.html
[2025-10-03 17:23:24,240] multiqc                                            [DEBUG  ]  File ignored by ccs/v4 because it exceeded search pattern filesize limit: ERR4043608_1_fastqc.html
[2025-10-03 17:23:24,240] multiqc                                            [DEBUG  ]  File ignored by hicexplorer because it exceeded search pattern filesize limit: ERR4043608_1_fastqc.html
[2025-10-03 17:23:24,241] multiqc                                            [DEBUG  ]  File ignored by lima/summary because it exceeded search pattern filesize limit: ERR4043608_1_fastqc.html
[2025-10-03 17:23:24,241] multiqc                                            [DEBUG  ]  File ignored by vep/vep_txt because it exceeded search pattern filesize limit: ERR4043608_1_fastqc.html
[2025-10-03 17:23:24,241] multiqc                                            [DEBUG  ]  File ignored by longranger/invocation because it exceeded search pattern filesize limit: ERR4043608_1_fastqc.html
[2025-10-03 17:23:24,241] multiqc                                            [DEBUG  ]  File ignored by rockhopper because it exceeded search pattern filesize limit: ERR4043608_1_fastqc.html
[2025-10-03 17:23:24,241] multiqc                                            [DEBUG  ]  File ignored by rseqc/bam_stat because it exceeded search pattern filesize limit: ERR4043608_1_fastqc.html
[2025-10-03 17:23:24,241] multiqc                                            [DEBUG  ]  File ignored by rseqc/junction_annotation because it exceeded search pattern filesize limit: ERR4043608_1_fastqc.html
[2025-10-03 17:23:24,242] multiqc                                            [DEBUG  ]  File ignored by rseqc/read_distribution because it exceeded search pattern filesize limit: ERR4043608_1_fastqc.html
[2025-10-03 17:23:24,242] multiqc                                            [DEBUG  ]  File ignored by rseqc/infer_experiment because it exceeded search pattern filesize limit: ERR4043608_1_fastqc.html
[2025-10-03 17:23:24,273] multiqc                                            [DEBUG  ]  File ignored by nanostat because it exceeded search pattern filesize limit: ERR4043608_1_fastqc.html
[2025-10-03 17:23:24,277] multiqc                                            [DEBUG  ]  File ignored by ccs/v4 because it exceeded search pattern filesize limit: ERR4043608_2_fastqc.html
[2025-10-03 17:23:24,277] multiqc                                            [DEBUG  ]  File ignored by hicexplorer because it exceeded search pattern filesize limit: ERR4043608_2_fastqc.html
[2025-10-03 17:23:24,278] multiqc                                            [DEBUG  ]  File ignored by lima/summary because it exceeded search pattern filesize limit: ERR4043608_2_fastqc.html
[2025-10-03 17:23:24,278] multiqc                                            [DEBUG  ]  File ignored by vep/vep_txt because it exceeded search pattern filesize limit: ERR4043608_2_fastqc.html
[2025-10-03 17:23:24,278] multiqc                                            [DEBUG  ]  File ignored by longranger/invocation because it exceeded search pattern filesize limit: ERR4043608_2_fastqc.html
[2025-10-03 17:23:24,279] multiqc                                            [DEBUG  ]  File ignored by rockhopper because it exceeded search pattern filesize limit: ERR4043608_2_fastqc.html
[2025-10-03 17:23:24,279] multiqc                                            [DEBUG  ]  File ignored by rseqc/bam_stat because it exceeded search pattern filesize limit: ERR4043608_2_fastqc.html
[2025-10-03 17:23:24,279] multiqc                                            [DEBUG  ]  File ignored by rseqc/junction_annotation because it exceeded search pattern filesize limit: ERR4043608_2_fastqc.html
[2025-10-03 17:23:24,279] multiqc                                            [DEBUG  ]  File ignored by rseqc/read_distribution because it exceeded search pattern filesize limit: ERR4043608_2_fastqc.html
[2025-10-03 17:23:24,279] multiqc                                            [DEBUG  ]  File ignored by rseqc/infer_experiment because it exceeded search pattern filesize limit: ERR4043608_2_fastqc.html
[2025-10-03 17:23:24,318] multiqc                                            [DEBUG  ]  File ignored by nanostat because it exceeded search pattern filesize limit: ERR4043608_2_fastqc.html
[2025-10-03 17:23:24,322] multiqc                                            [DEBUG  ]  File ignored by ccs/v4 because it exceeded search pattern filesize limit: ERR4042883_1_fastqc.html
[2025-10-03 17:23:24,323] multiqc                                            [DEBUG  ]  File ignored by hicexplorer because it exceeded search pattern filesize limit: ERR4042883_1_fastqc.html
[2025-10-03 17:23:24,323] multiqc                                            [DEBUG  ]  File ignored by lima/summary because it exceeded search pattern filesize limit: ERR4042883_1_fastqc.html
[2025-10-03 17:23:24,324] multiqc                                            [DEBUG  ]  File ignored by vep/vep_txt because it exceeded search pattern filesize limit: ERR4042883_1_fastqc.html
[2025-10-03 17:23:24,324] multiqc                                            [DEBUG  ]  File ignored by longranger/invocation because it exceeded search pattern filesize limit: ERR4042883_1_fastqc.html
[2025-10-03 17:23:24,324] multiqc                                            [DEBUG  ]  File ignored by rockhopper because it exceeded search pattern filesize limit: ERR4042883_1_fastqc.html
[2025-10-03 17:23:24,324] multiqc                                            [DEBUG  ]  File ignored by rseqc/bam_stat because it exceeded search pattern filesize limit: ERR4042883_1_fastqc.html
[2025-10-03 17:23:24,324] multiqc                                            [DEBUG  ]  File ignored by rseqc/junction_annotation because it exceeded search pattern filesize limit: ERR4042883_1_fastqc.html
[2025-10-03 17:23:24,324] multiqc                                            [DEBUG  ]  File ignored by rseqc/read_distribution because it exceeded search pattern filesize limit: ERR4042883_1_fastqc.html
[2025-10-03 17:23:24,324] multiqc                                            [DEBUG  ]  File ignored by rseqc/infer_experiment because it exceeded search pattern filesize limit: ERR4042883_1_fastqc.html
[2025-10-03 17:23:24,355] multiqc                                            [DEBUG  ]  File ignored by nanostat because it exceeded search pattern filesize limit: ERR4042883_1_fastqc.html
[2025-10-03 17:23:24,360] multiqc                                            [DEBUG  ]  File ignored by ccs/v4 because it exceeded search pattern filesize limit: ERR4043803_2_fastqc.html
[2025-10-03 17:23:24,360] multiqc                                            [DEBUG  ]  File ignored by hicexplorer because it exceeded search pattern filesize limit: ERR4043803_2_fastqc.html
[2025-10-03 17:23:24,360] multiqc                                            [DEBUG  ]  File ignored by lima/summary because it exceeded search pattern filesize limit: ERR4043803_2_fastqc.html
[2025-10-03 17:23:24,361] multiqc                                            [DEBUG  ]  File ignored by vep/vep_html because it exceeded search pattern filesize limit: ERR4043803_2_fastqc.html
[2025-10-03 17:23:24,361] multiqc                                            [DEBUG  ]  File ignored by vep/vep_txt because it exceeded search pattern filesize limit: ERR4043803_2_fastqc.html
[2025-10-03 17:23:24,361] multiqc                                            [DEBUG  ]  File ignored by longranger/invocation because it exceeded search pattern filesize limit: ERR4043803_2_fastqc.html
[2025-10-03 17:23:24,361] multiqc                                            [DEBUG  ]  File ignored by rockhopper because it exceeded search pattern filesize limit: ERR4043803_2_fastqc.html
[2025-10-03 17:23:24,361] multiqc                                            [DEBUG  ]  File ignored by rseqc/bam_stat because it exceeded search pattern filesize limit: ERR4043803_2_fastqc.html
[2025-10-03 17:23:24,361] multiqc                                            [DEBUG  ]  File ignored by rseqc/junction_annotation because it exceeded search pattern filesize limit: ERR4043803_2_fastqc.html
[2025-10-03 17:23:24,361] multiqc                                            [DEBUG  ]  File ignored by rseqc/read_distribution because it exceeded search pattern filesize limit: ERR4043803_2_fastqc.html
[2025-10-03 17:23:24,361] multiqc                                            [DEBUG  ]  File ignored by rseqc/infer_experiment because it exceeded search pattern filesize limit: ERR4043803_2_fastqc.html
[2025-10-03 17:23:24,362] multiqc                                            [DEBUG  ]  File ignored by stacks/sumstats because it exceeded search pattern filesize limit: ERR4043803_2_fastqc.html
[2025-10-03 17:23:24,400] multiqc                                            [DEBUG  ]  File ignored by nanostat because it exceeded search pattern filesize limit: ERR4043803_2_fastqc.html
[2025-10-03 17:23:24,405] multiqc                                            [DEBUG  ]  File ignored by ccs/v4 because it exceeded search pattern filesize limit: ERR4043792_2_fastqc.html
[2025-10-03 17:23:24,405] multiqc                                            [DEBUG  ]  File ignored by hicexplorer because it exceeded search pattern filesize limit: ERR4043792_2_fastqc.html
[2025-10-03 17:23:24,405] multiqc                                            [DEBUG  ]  File ignored by lima/summary because it exceeded search pattern filesize limit: ERR4043792_2_fastqc.html
[2025-10-03 17:23:24,406] multiqc                                            [DEBUG  ]  File ignored by vep/vep_html because it exceeded search pattern filesize limit: ERR4043792_2_fastqc.html
[2025-10-03 17:23:24,406] multiqc                                            [DEBUG  ]  File ignored by vep/vep_txt because it exceeded search pattern filesize limit: ERR4043792_2_fastqc.html
[2025-10-03 17:23:24,406] multiqc                                            [DEBUG  ]  File ignored by longranger/invocation because it exceeded search pattern filesize limit: ERR4043792_2_fastqc.html
[2025-10-03 17:23:24,406] multiqc                                            [DEBUG  ]  File ignored by rockhopper because it exceeded search pattern filesize limit: ERR4043792_2_fastqc.html
[2025-10-03 17:23:24,406] multiqc                                            [DEBUG  ]  File ignored by rseqc/bam_stat because it exceeded search pattern filesize limit: ERR4043792_2_fastqc.html
[2025-10-03 17:23:24,406] multiqc                                            [DEBUG  ]  File ignored by rseqc/junction_annotation because it exceeded search pattern filesize limit: ERR4043792_2_fastqc.html
[2025-10-03 17:23:24,406] multiqc                                            [DEBUG  ]  File ignored by rseqc/read_distribution because it exceeded search pattern filesize limit: ERR4043792_2_fastqc.html
[2025-10-03 17:23:24,406] multiqc                                            [DEBUG  ]  File ignored by rseqc/infer_experiment because it exceeded search pattern filesize limit: ERR4043792_2_fastqc.html
[2025-10-03 17:23:24,407] multiqc                                            [DEBUG  ]  File ignored by stacks/sumstats because it exceeded search pattern filesize limit: ERR4043792_2_fastqc.html
[2025-10-03 17:23:24,441] multiqc                                            [DEBUG  ]  File ignored by nanostat because it exceeded search pattern filesize limit: ERR4043792_2_fastqc.html
[2025-10-03 17:23:24,446] multiqc                                            [DEBUG  ]  File ignored by ccs/v4 because it exceeded search pattern filesize limit: ERR4042921_2_fastqc.html
[2025-10-03 17:23:24,447] multiqc                                            [DEBUG  ]  File ignored by hicexplorer because it exceeded search pattern filesize limit: ERR4042921_2_fastqc.html
[2025-10-03 17:23:24,447] multiqc                                            [DEBUG  ]  File ignored by lima/summary because it exceeded search pattern filesize limit: ERR4042921_2_fastqc.html
[2025-10-03 17:23:24,447] multiqc                                            [DEBUG  ]  File ignored by vep/vep_html because it exceeded search pattern filesize limit: ERR4042921_2_fastqc.html
[2025-10-03 17:23:24,447] multiqc                                            [DEBUG  ]  File ignored by vep/vep_txt because it exceeded search pattern filesize limit: ERR4042921_2_fastqc.html
[2025-10-03 17:23:24,448] multiqc                                            [DEBUG  ]  File ignored by longranger/invocation because it exceeded search pattern filesize limit: ERR4042921_2_fastqc.html
[2025-10-03 17:23:24,448] multiqc                                            [DEBUG  ]  File ignored by rockhopper because it exceeded search pattern filesize limit: ERR4042921_2_fastqc.html
[2025-10-03 17:23:24,448] multiqc                                            [DEBUG  ]  File ignored by rseqc/bam_stat because it exceeded search pattern filesize limit: ERR4042921_2_fastqc.html
[2025-10-03 17:23:24,448] multiqc                                            [DEBUG  ]  File ignored by rseqc/junction_annotation because it exceeded search pattern filesize limit: ERR4042921_2_fastqc.html
[2025-10-03 17:23:24,448] multiqc                                            [DEBUG  ]  File ignored by rseqc/read_distribution because it exceeded search pattern filesize limit: ERR4042921_2_fastqc.html
[2025-10-03 17:23:24,448] multiqc                                            [DEBUG  ]  File ignored by rseqc/infer_experiment because it exceeded search pattern filesize limit: ERR4042921_2_fastqc.html
[2025-10-03 17:23:24,448] multiqc                                            [DEBUG  ]  File ignored by stacks/sumstats because it exceeded search pattern filesize limit: ERR4042921_2_fastqc.html
[2025-10-03 17:23:24,482] multiqc                                            [DEBUG  ]  File ignored by nanostat because it exceeded search pattern filesize limit: ERR4042921_2_fastqc.html
[2025-10-03 17:23:24,487] multiqc                                            [DEBUG  ]  File ignored by ccs/v4 because it exceeded search pattern filesize limit: ERR4042949_2_fastqc.html
[2025-10-03 17:23:24,487] multiqc                                            [DEBUG  ]  File ignored by hicexplorer because it exceeded search pattern filesize limit: ERR4042949_2_fastqc.html
[2025-10-03 17:23:24,487] multiqc                                            [DEBUG  ]  File ignored by lima/summary because it exceeded search pattern filesize limit: ERR4042949_2_fastqc.html
[2025-10-03 17:23:24,488] multiqc                                            [DEBUG  ]  File ignored by vep/vep_txt because it exceeded search pattern filesize limit: ERR4042949_2_fastqc.html
[2025-10-03 17:23:24,488] multiqc                                            [DEBUG  ]  File ignored by longranger/invocation because it exceeded search pattern filesize limit: ERR4042949_2_fastqc.html
[2025-10-03 17:23:24,488] multiqc                                            [DEBUG  ]  File ignored by rockhopper because it exceeded search pattern filesize limit: ERR4042949_2_fastqc.html
[2025-10-03 17:23:24,488] multiqc                                            [DEBUG  ]  File ignored by rseqc/bam_stat because it exceeded search pattern filesize limit: ERR4042949_2_fastqc.html
[2025-10-03 17:23:24,488] multiqc                                            [DEBUG  ]  File ignored by rseqc/junction_annotation because it exceeded search pattern filesize limit: ERR4042949_2_fastqc.html
[2025-10-03 17:23:24,488] multiqc                                            [DEBUG  ]  File ignored by rseqc/read_distribution because it exceeded search pattern filesize limit: ERR4042949_2_fastqc.html
[2025-10-03 17:23:24,488] multiqc                                            [DEBUG  ]  File ignored by rseqc/infer_experiment because it exceeded search pattern filesize limit: ERR4042949_2_fastqc.html
[2025-10-03 17:23:24,527] multiqc                                            [DEBUG  ]  File ignored by nanostat because it exceeded search pattern filesize limit: ERR4042949_2_fastqc.html
[2025-10-03 17:23:24,532] multiqc                                            [DEBUG  ]  File ignored by ccs/v4 because it exceeded search pattern filesize limit: ERR4042824_1_fastqc.html
[2025-10-03 17:23:24,532] multiqc                                            [DEBUG  ]  File ignored by hicexplorer because it exceeded search pattern filesize limit: ERR4042824_1_fastqc.html
[2025-10-03 17:23:24,532] multiqc                                            [DEBUG  ]  File ignored by lima/summary because it exceeded search pattern filesize limit: ERR4042824_1_fastqc.html
[2025-10-03 17:23:24,533] multiqc                                            [DEBUG  ]  File ignored by vep/vep_txt because it exceeded search pattern filesize limit: ERR4042824_1_fastqc.html
[2025-10-03 17:23:24,533] multiqc                                            [DEBUG  ]  File ignored by longranger/invocation because it exceeded search pattern filesize limit: ERR4042824_1_fastqc.html
[2025-10-03 17:23:24,533] multiqc                                            [DEBUG  ]  File ignored by rockhopper because it exceeded search pattern filesize limit: ERR4042824_1_fastqc.html
[2025-10-03 17:23:24,533] multiqc                                            [DEBUG  ]  File ignored by rseqc/bam_stat because it exceeded search pattern filesize limit: ERR4042824_1_fastqc.html
[2025-10-03 17:23:24,533] multiqc                                            [DEBUG  ]  File ignored by rseqc/junction_annotation because it exceeded search pattern filesize limit: ERR4042824_1_fastqc.html
[2025-10-03 17:23:24,533] multiqc                                            [DEBUG  ]  File ignored by rseqc/read_distribution because it exceeded search pattern filesize limit: ERR4042824_1_fastqc.html
[2025-10-03 17:23:24,533] multiqc                                            [DEBUG  ]  File ignored by rseqc/infer_experiment because it exceeded search pattern filesize limit: ERR4042824_1_fastqc.html
[2025-10-03 17:23:24,565] multiqc                                            [DEBUG  ]  File ignored by nanostat because it exceeded search pattern filesize limit: ERR4042824_1_fastqc.html
[2025-10-03 17:23:24,569] multiqc                                            [DEBUG  ]  File ignored by ccs/v4 because it exceeded search pattern filesize limit: ERR4043366_2_fastqc.html
[2025-10-03 17:23:24,570] multiqc                                            [DEBUG  ]  File ignored by hicexplorer because it exceeded search pattern filesize limit: ERR4043366_2_fastqc.html
[2025-10-03 17:23:24,570] multiqc                                            [DEBUG  ]  File ignored by lima/summary because it exceeded search pattern filesize limit: ERR4043366_2_fastqc.html
[2025-10-03 17:23:24,571] multiqc                                            [DEBUG  ]  File ignored by vep/vep_html because it exceeded search pattern filesize limit: ERR4043366_2_fastqc.html
[2025-10-03 17:23:24,571] multiqc                                            [DEBUG  ]  File ignored by vep/vep_txt because it exceeded search pattern filesize limit: ERR4043366_2_fastqc.html
[2025-10-03 17:23:24,571] multiqc                                            [DEBUG  ]  File ignored by longranger/invocation because it exceeded search pattern filesize limit: ERR4043366_2_fastqc.html
[2025-10-03 17:23:24,571] multiqc                                            [DEBUG  ]  File ignored by rockhopper because it exceeded search pattern filesize limit: ERR4043366_2_fastqc.html
[2025-10-03 17:23:24,571] multiqc                                            [DEBUG  ]  File ignored by rseqc/bam_stat because it exceeded search pattern filesize limit: ERR4043366_2_fastqc.html
[2025-10-03 17:23:24,571] multiqc                                            [DEBUG  ]  File ignored by rseqc/junction_annotation because it exceeded search pattern filesize limit: ERR4043366_2_fastqc.html
[2025-10-03 17:23:24,571] multiqc                                            [DEBUG  ]  File ignored by rseqc/read_distribution because it exceeded search pattern filesize limit: ERR4043366_2_fastqc.html
[2025-10-03 17:23:24,571] multiqc                                            [DEBUG  ]  File ignored by rseqc/infer_experiment because it exceeded search pattern filesize limit: ERR4043366_2_fastqc.html
[2025-10-03 17:23:24,572] multiqc                                            [DEBUG  ]  File ignored by stacks/sumstats because it exceeded search pattern filesize limit: ERR4043366_2_fastqc.html
[2025-10-03 17:23:24,610] multiqc                                            [DEBUG  ]  File ignored by nanostat because it exceeded search pattern filesize limit: ERR4043366_2_fastqc.html
[2025-10-03 17:23:24,614] multiqc                                            [DEBUG  ]  File ignored by ccs/v4 because it exceeded search pattern filesize limit: ERR4043792_1_fastqc.html
[2025-10-03 17:23:24,614] multiqc                                            [DEBUG  ]  File ignored by hicexplorer because it exceeded search pattern filesize limit: ERR4043792_1_fastqc.html
[2025-10-03 17:23:24,614] multiqc                                            [DEBUG  ]  File ignored by lima/summary because it exceeded search pattern filesize limit: ERR4043792_1_fastqc.html
[2025-10-03 17:23:24,615] multiqc                                            [DEBUG  ]  File ignored by vep/vep_txt because it exceeded search pattern filesize limit: ERR4043792_1_fastqc.html
[2025-10-03 17:23:24,615] multiqc                                            [DEBUG  ]  File ignored by longranger/invocation because it exceeded search pattern filesize limit: ERR4043792_1_fastqc.html
[2025-10-03 17:23:24,615] multiqc                                            [DEBUG  ]  File ignored by rockhopper because it exceeded search pattern filesize limit: ERR4043792_1_fastqc.html
[2025-10-03 17:23:24,615] multiqc                                            [DEBUG  ]  File ignored by rseqc/bam_stat because it exceeded search pattern filesize limit: ERR4043792_1_fastqc.html
[2025-10-03 17:23:24,615] multiqc                                            [DEBUG  ]  File ignored by rseqc/junction_annotation because it exceeded search pattern filesize limit: ERR4043792_1_fastqc.html
[2025-10-03 17:23:24,615] multiqc                                            [DEBUG  ]  File ignored by rseqc/read_distribution because it exceeded search pattern filesize limit: ERR4043792_1_fastqc.html
[2025-10-03 17:23:24,615] multiqc                                            [DEBUG  ]  File ignored by rseqc/infer_experiment because it exceeded search pattern filesize limit: ERR4043792_1_fastqc.html
[2025-10-03 17:23:24,647] multiqc                                            [DEBUG  ]  File ignored by nanostat because it exceeded search pattern filesize limit: ERR4043792_1_fastqc.html
[2025-10-03 17:23:24,652] multiqc                                            [DEBUG  ]  File ignored by ccs/v4 because it exceeded search pattern filesize limit: ERR4043615_1_fastqc.html
[2025-10-03 17:23:24,652] multiqc                                            [DEBUG  ]  File ignored by hicexplorer because it exceeded search pattern filesize limit: ERR4043615_1_fastqc.html
[2025-10-03 17:23:24,652] multiqc                                            [DEBUG  ]  File ignored by lima/summary because it exceeded search pattern filesize limit: ERR4043615_1_fastqc.html
[2025-10-03 17:23:24,653] multiqc                                            [DEBUG  ]  File ignored by vep/vep_txt because it exceeded search pattern filesize limit: ERR4043615_1_fastqc.html
[2025-10-03 17:23:24,653] multiqc                                            [DEBUG  ]  File ignored by longranger/invocation because it exceeded search pattern filesize limit: ERR4043615_1_fastqc.html
[2025-10-03 17:23:24,653] multiqc                                            [DEBUG  ]  File ignored by rockhopper because it exceeded search pattern filesize limit: ERR4043615_1_fastqc.html
[2025-10-03 17:23:24,653] multiqc                                            [DEBUG  ]  File ignored by rseqc/bam_stat because it exceeded search pattern filesize limit: ERR4043615_1_fastqc.html
[2025-10-03 17:23:24,653] multiqc                                            [DEBUG  ]  File ignored by rseqc/junction_annotation because it exceeded search pattern filesize limit: ERR4043615_1_fastqc.html
[2025-10-03 17:23:24,653] multiqc                                            [DEBUG  ]  File ignored by rseqc/read_distribution because it exceeded search pattern filesize limit: ERR4043615_1_fastqc.html
[2025-10-03 17:23:24,653] multiqc                                            [DEBUG  ]  File ignored by rseqc/infer_experiment because it exceeded search pattern filesize limit: ERR4043615_1_fastqc.html
[2025-10-03 17:23:24,685] multiqc                                            [DEBUG  ]  File ignored by nanostat because it exceeded search pattern filesize limit: ERR4043615_1_fastqc.html
[2025-10-03 17:23:24,689] multiqc                                            [DEBUG  ]  File ignored by ccs/v4 because it exceeded search pattern filesize limit: ERR4043606_1_fastqc.html
[2025-10-03 17:23:24,689] multiqc                                            [DEBUG  ]  File ignored by hicexplorer because it exceeded search pattern filesize limit: ERR4043606_1_fastqc.html
[2025-10-03 17:23:24,689] multiqc                                            [DEBUG  ]  File ignored by lima/summary because it exceeded search pattern filesize limit: ERR4043606_1_fastqc.html
[2025-10-03 17:23:24,690] multiqc                                            [DEBUG  ]  File ignored by vep/vep_txt because it exceeded search pattern filesize limit: ERR4043606_1_fastqc.html
[2025-10-03 17:23:24,690] multiqc                                            [DEBUG  ]  File ignored by longranger/invocation because it exceeded search pattern filesize limit: ERR4043606_1_fastqc.html
[2025-10-03 17:23:24,690] multiqc                                            [DEBUG  ]  File ignored by rockhopper because it exceeded search pattern filesize limit: ERR4043606_1_fastqc.html
[2025-10-03 17:23:24,690] multiqc                                            [DEBUG  ]  File ignored by rseqc/bam_stat because it exceeded search pattern filesize limit: ERR4043606_1_fastqc.html
[2025-10-03 17:23:24,690] multiqc                                            [DEBUG  ]  File ignored by rseqc/junction_annotation because it exceeded search pattern filesize limit: ERR4043606_1_fastqc.html
[2025-10-03 17:23:24,690] multiqc                                            [DEBUG  ]  File ignored by rseqc/read_distribution because it exceeded search pattern filesize limit: ERR4043606_1_fastqc.html
[2025-10-03 17:23:24,690] multiqc                                            [DEBUG  ]  File ignored by rseqc/infer_experiment because it exceeded search pattern filesize limit: ERR4043606_1_fastqc.html
[2025-10-03 17:23:24,726] multiqc                                            [DEBUG  ]  File ignored by nanostat because it exceeded search pattern filesize limit: ERR4043606_1_fastqc.html
[2025-10-03 17:23:24,730] multiqc                                            [DEBUG  ]  File ignored by ccs/v4 because it exceeded search pattern filesize limit: ERR4043086_1_fastqc.html
[2025-10-03 17:23:24,731] multiqc                                            [DEBUG  ]  File ignored by hicexplorer because it exceeded search pattern filesize limit: ERR4043086_1_fastqc.html
[2025-10-03 17:23:24,731] multiqc                                            [DEBUG  ]  File ignored by lima/summary because it exceeded search pattern filesize limit: ERR4043086_1_fastqc.html
[2025-10-03 17:23:24,732] multiqc                                            [DEBUG  ]  File ignored by vep/vep_txt because it exceeded search pattern filesize limit: ERR4043086_1_fastqc.html
[2025-10-03 17:23:24,732] multiqc                                            [DEBUG  ]  File ignored by longranger/invocation because it exceeded search pattern filesize limit: ERR4043086_1_fastqc.html
[2025-10-03 17:23:24,732] multiqc                                            [DEBUG  ]  File ignored by rockhopper because it exceeded search pattern filesize limit: ERR4043086_1_fastqc.html
[2025-10-03 17:23:24,732] multiqc                                            [DEBUG  ]  File ignored by rseqc/bam_stat because it exceeded search pattern filesize limit: ERR4043086_1_fastqc.html
[2025-10-03 17:23:24,732] multiqc                                            [DEBUG  ]  File ignored by rseqc/junction_annotation because it exceeded search pattern filesize limit: ERR4043086_1_fastqc.html
[2025-10-03 17:23:24,732] multiqc                                            [DEBUG  ]  File ignored by rseqc/read_distribution because it exceeded search pattern filesize limit: ERR4043086_1_fastqc.html
[2025-10-03 17:23:24,732] multiqc                                            [DEBUG  ]  File ignored by rseqc/infer_experiment because it exceeded search pattern filesize limit: ERR4043086_1_fastqc.html
[2025-10-03 17:23:24,764] multiqc                                            [DEBUG  ]  File ignored by nanostat because it exceeded search pattern filesize limit: ERR4043086_1_fastqc.html
[2025-10-03 17:23:24,768] multiqc                                            [DEBUG  ]  File ignored by ccs/v4 because it exceeded search pattern filesize limit: ERR4043299_1_fastqc.html
[2025-10-03 17:23:24,768] multiqc                                            [DEBUG  ]  File ignored by hicexplorer because it exceeded search pattern filesize limit: ERR4043299_1_fastqc.html
[2025-10-03 17:23:24,768] multiqc                                            [DEBUG  ]  File ignored by lima/summary because it exceeded search pattern filesize limit: ERR4043299_1_fastqc.html
[2025-10-03 17:23:24,769] multiqc                                            [DEBUG  ]  File ignored by vep/vep_txt because it exceeded search pattern filesize limit: ERR4043299_1_fastqc.html
[2025-10-03 17:23:24,769] multiqc                                            [DEBUG  ]  File ignored by longranger/invocation because it exceeded search pattern filesize limit: ERR4043299_1_fastqc.html
[2025-10-03 17:23:24,769] multiqc                                            [DEBUG  ]  File ignored by rockhopper because it exceeded search pattern filesize limit: ERR4043299_1_fastqc.html
[2025-10-03 17:23:24,769] multiqc                                            [DEBUG  ]  File ignored by rseqc/bam_stat because it exceeded search pattern filesize limit: ERR4043299_1_fastqc.html
[2025-10-03 17:23:24,769] multiqc                                            [DEBUG  ]  File ignored by rseqc/junction_annotation because it exceeded search pattern filesize limit: ERR4043299_1_fastqc.html
[2025-10-03 17:23:24,769] multiqc                                            [DEBUG  ]  File ignored by rseqc/read_distribution because it exceeded search pattern filesize limit: ERR4043299_1_fastqc.html
[2025-10-03 17:23:24,769] multiqc                                            [DEBUG  ]  File ignored by rseqc/infer_experiment because it exceeded search pattern filesize limit: ERR4043299_1_fastqc.html
[2025-10-03 17:23:24,805] multiqc                                            [DEBUG  ]  File ignored by nanostat because it exceeded search pattern filesize limit: ERR4043299_1_fastqc.html
[2025-10-03 17:23:24,809] multiqc                                            [DEBUG  ]  File ignored by ccs/v4 because it exceeded search pattern filesize limit: ERR4043596_2_fastqc.html
[2025-10-03 17:23:24,809] multiqc                                            [DEBUG  ]  File ignored by hicexplorer because it exceeded search pattern filesize limit: ERR4043596_2_fastqc.html
[2025-10-03 17:23:24,809] multiqc                                            [DEBUG  ]  File ignored by lima/summary because it exceeded search pattern filesize limit: ERR4043596_2_fastqc.html
[2025-10-03 17:23:24,810] multiqc                                            [DEBUG  ]  File ignored by vep/vep_txt because it exceeded search pattern filesize limit: ERR4043596_2_fastqc.html
[2025-10-03 17:23:24,810] multiqc                                            [DEBUG  ]  File ignored by longranger/invocation because it exceeded search pattern filesize limit: ERR4043596_2_fastqc.html
[2025-10-03 17:23:24,810] multiqc                                            [DEBUG  ]  File ignored by rockhopper because it exceeded search pattern filesize limit: ERR4043596_2_fastqc.html
[2025-10-03 17:23:24,810] multiqc                                            [DEBUG  ]  File ignored by rseqc/bam_stat because it exceeded search pattern filesize limit: ERR4043596_2_fastqc.html
[2025-10-03 17:23:24,810] multiqc                                            [DEBUG  ]  File ignored by rseqc/junction_annotation because it exceeded search pattern filesize limit: ERR4043596_2_fastqc.html
[2025-10-03 17:23:24,810] multiqc                                            [DEBUG  ]  File ignored by rseqc/read_distribution because it exceeded search pattern filesize limit: ERR4043596_2_fastqc.html
[2025-10-03 17:23:24,810] multiqc                                            [DEBUG  ]  File ignored by rseqc/infer_experiment because it exceeded search pattern filesize limit: ERR4043596_2_fastqc.html
[2025-10-03 17:23:24,844] multiqc                                            [DEBUG  ]  File ignored by nanostat because it exceeded search pattern filesize limit: ERR4043596_2_fastqc.html
[2025-10-03 17:23:24,849] multiqc                                            [DEBUG  ]  File ignored by ccs/v4 because it exceeded search pattern filesize limit: ERR4043188_1_fastqc.html
[2025-10-03 17:23:24,849] multiqc                                            [DEBUG  ]  File ignored by hicexplorer because it exceeded search pattern filesize limit: ERR4043188_1_fastqc.html
[2025-10-03 17:23:24,849] multiqc                                            [DEBUG  ]  File ignored by lima/summary because it exceeded search pattern filesize limit: ERR4043188_1_fastqc.html
[2025-10-03 17:23:24,850] multiqc                                            [DEBUG  ]  File ignored by vep/vep_txt because it exceeded search pattern filesize limit: ERR4043188_1_fastqc.html
[2025-10-03 17:23:24,850] multiqc                                            [DEBUG  ]  File ignored by longranger/invocation because it exceeded search pattern filesize limit: ERR4043188_1_fastqc.html
[2025-10-03 17:23:24,850] multiqc                                            [DEBUG  ]  File ignored by rockhopper because it exceeded search pattern filesize limit: ERR4043188_1_fastqc.html
[2025-10-03 17:23:24,850] multiqc                                            [DEBUG  ]  File ignored by rseqc/bam_stat because it exceeded search pattern filesize limit: ERR4043188_1_fastqc.html
[2025-10-03 17:23:24,850] multiqc                                            [DEBUG  ]  File ignored by rseqc/junction_annotation because it exceeded search pattern filesize limit: ERR4043188_1_fastqc.html
[2025-10-03 17:23:24,850] multiqc                                            [DEBUG  ]  File ignored by rseqc/read_distribution because it exceeded search pattern filesize limit: ERR4043188_1_fastqc.html
[2025-10-03 17:23:24,850] multiqc                                            [DEBUG  ]  File ignored by rseqc/infer_experiment because it exceeded search pattern filesize limit: ERR4043188_1_fastqc.html
[2025-10-03 17:23:24,882] multiqc                                            [DEBUG  ]  File ignored by nanostat because it exceeded search pattern filesize limit: ERR4043188_1_fastqc.html
[2025-10-03 17:23:24,886] multiqc                                            [DEBUG  ]  File ignored by ccs/v4 because it exceeded search pattern filesize limit: ERR4043582_1_fastqc.html
[2025-10-03 17:23:24,887] multiqc                                            [DEBUG  ]  File ignored by hicexplorer because it exceeded search pattern filesize limit: ERR4043582_1_fastqc.html
[2025-10-03 17:23:24,887] multiqc                                            [DEBUG  ]  File ignored by lima/summary because it exceeded search pattern filesize limit: ERR4043582_1_fastqc.html
[2025-10-03 17:23:24,888] multiqc                                            [DEBUG  ]  File ignored by vep/vep_txt because it exceeded search pattern filesize limit: ERR4043582_1_fastqc.html
[2025-10-03 17:23:24,888] multiqc                                            [DEBUG  ]  File ignored by longranger/invocation because it exceeded search pattern filesize limit: ERR4043582_1_fastqc.html
[2025-10-03 17:23:24,888] multiqc                                            [DEBUG  ]  File ignored by rockhopper because it exceeded search pattern filesize limit: ERR4043582_1_fastqc.html
[2025-10-03 17:23:24,888] multiqc                                            [DEBUG  ]  File ignored by rseqc/bam_stat because it exceeded search pattern filesize limit: ERR4043582_1_fastqc.html
[2025-10-03 17:23:24,888] multiqc                                            [DEBUG  ]  File ignored by rseqc/junction_annotation because it exceeded search pattern filesize limit: ERR4043582_1_fastqc.html
[2025-10-03 17:23:24,888] multiqc                                            [DEBUG  ]  File ignored by rseqc/read_distribution because it exceeded search pattern filesize limit: ERR4043582_1_fastqc.html
[2025-10-03 17:23:24,888] multiqc                                            [DEBUG  ]  File ignored by rseqc/infer_experiment because it exceeded search pattern filesize limit: ERR4043582_1_fastqc.html
[2025-10-03 17:23:24,925] multiqc                                            [DEBUG  ]  File ignored by nanostat because it exceeded search pattern filesize limit: ERR4043582_1_fastqc.html
[2025-10-03 17:23:24,929] multiqc                                            [DEBUG  ]  File ignored by ccs/v4 because it exceeded search pattern filesize limit: ERR4043188_2_fastqc.html
[2025-10-03 17:23:24,929] multiqc                                            [DEBUG  ]  File ignored by hicexplorer because it exceeded search pattern filesize limit: ERR4043188_2_fastqc.html
[2025-10-03 17:23:24,930] multiqc                                            [DEBUG  ]  File ignored by lima/summary because it exceeded search pattern filesize limit: ERR4043188_2_fastqc.html
[2025-10-03 17:23:24,930] multiqc                                            [DEBUG  ]  File ignored by vep/vep_txt because it exceeded search pattern filesize limit: ERR4043188_2_fastqc.html
[2025-10-03 17:23:24,930] multiqc                                            [DEBUG  ]  File ignored by longranger/invocation because it exceeded search pattern filesize limit: ERR4043188_2_fastqc.html
[2025-10-03 17:23:24,930] multiqc                                            [DEBUG  ]  File ignored by rockhopper because it exceeded search pattern filesize limit: ERR4043188_2_fastqc.html
[2025-10-03 17:23:24,930] multiqc                                            [DEBUG  ]  File ignored by rseqc/bam_stat because it exceeded search pattern filesize limit: ERR4043188_2_fastqc.html
[2025-10-03 17:23:24,930] multiqc                                            [DEBUG  ]  File ignored by rseqc/junction_annotation because it exceeded search pattern filesize limit: ERR4043188_2_fastqc.html
[2025-10-03 17:23:24,931] multiqc                                            [DEBUG  ]  File ignored by rseqc/read_distribution because it exceeded search pattern filesize limit: ERR4043188_2_fastqc.html
[2025-10-03 17:23:24,931] multiqc                                            [DEBUG  ]  File ignored by rseqc/infer_experiment because it exceeded search pattern filesize limit: ERR4043188_2_fastqc.html
[2025-10-03 17:23:24,965] multiqc                                            [DEBUG  ]  File ignored by nanostat because it exceeded search pattern filesize limit: ERR4043188_2_fastqc.html
[2025-10-03 17:23:24,969] multiqc                                            [DEBUG  ]  File ignored by ccs/v4 because it exceeded search pattern filesize limit: ERR4042824_2_fastqc.html
[2025-10-03 17:23:24,970] multiqc                                            [DEBUG  ]  File ignored by hicexplorer because it exceeded search pattern filesize limit: ERR4042824_2_fastqc.html
[2025-10-03 17:23:24,970] multiqc                                            [DEBUG  ]  File ignored by lima/summary because it exceeded search pattern filesize limit: ERR4042824_2_fastqc.html
[2025-10-03 17:23:24,970] multiqc                                            [DEBUG  ]  File ignored by vep/vep_html because it exceeded search pattern filesize limit: ERR4042824_2_fastqc.html
[2025-10-03 17:23:24,970] multiqc                                            [DEBUG  ]  File ignored by vep/vep_txt because it exceeded search pattern filesize limit: ERR4042824_2_fastqc.html
[2025-10-03 17:23:24,970] multiqc                                            [DEBUG  ]  File ignored by longranger/invocation because it exceeded search pattern filesize limit: ERR4042824_2_fastqc.html
[2025-10-03 17:23:24,971] multiqc                                            [DEBUG  ]  File ignored by rockhopper because it exceeded search pattern filesize limit: ERR4042824_2_fastqc.html
[2025-10-03 17:23:24,971] multiqc                                            [DEBUG  ]  File ignored by rseqc/bam_stat because it exceeded search pattern filesize limit: ERR4042824_2_fastqc.html
[2025-10-03 17:23:24,971] multiqc                                            [DEBUG  ]  File ignored by rseqc/junction_annotation because it exceeded search pattern filesize limit: ERR4042824_2_fastqc.html
[2025-10-03 17:23:24,971] multiqc                                            [DEBUG  ]  File ignored by rseqc/read_distribution because it exceeded search pattern filesize limit: ERR4042824_2_fastqc.html
[2025-10-03 17:23:24,971] multiqc                                            [DEBUG  ]  File ignored by rseqc/infer_experiment because it exceeded search pattern filesize limit: ERR4042824_2_fastqc.html
[2025-10-03 17:23:24,971] multiqc                                            [DEBUG  ]  File ignored by stacks/sumstats because it exceeded search pattern filesize limit: ERR4042824_2_fastqc.html
[2025-10-03 17:23:25,005] multiqc                                            [DEBUG  ]  File ignored by nanostat because it exceeded search pattern filesize limit: ERR4042824_2_fastqc.html
[2025-10-03 17:23:25,013] multiqc                                            [DEBUG  ]  File ignored by ccs/v4 because it exceeded search pattern filesize limit: ERR4043806_1_fastqc.html
[2025-10-03 17:23:25,014] multiqc                                            [DEBUG  ]  File ignored by hicexplorer because it exceeded search pattern filesize limit: ERR4043806_1_fastqc.html
[2025-10-03 17:23:25,014] multiqc                                            [DEBUG  ]  File ignored by lima/summary because it exceeded search pattern filesize limit: ERR4043806_1_fastqc.html
[2025-10-03 17:23:25,015] multiqc                                            [DEBUG  ]  File ignored by vep/vep_txt because it exceeded search pattern filesize limit: ERR4043806_1_fastqc.html
[2025-10-03 17:23:25,015] multiqc                                            [DEBUG  ]  File ignored by longranger/invocation because it exceeded search pattern filesize limit: ERR4043806_1_fastqc.html
[2025-10-03 17:23:25,015] multiqc                                            [DEBUG  ]  File ignored by rockhopper because it exceeded search pattern filesize limit: ERR4043806_1_fastqc.html
[2025-10-03 17:23:25,015] multiqc                                            [DEBUG  ]  File ignored by rseqc/bam_stat because it exceeded search pattern filesize limit: ERR4043806_1_fastqc.html
[2025-10-03 17:23:25,015] multiqc                                            [DEBUG  ]  File ignored by rseqc/junction_annotation because it exceeded search pattern filesize limit: ERR4043806_1_fastqc.html
[2025-10-03 17:23:25,015] multiqc                                            [DEBUG  ]  File ignored by rseqc/read_distribution because it exceeded search pattern filesize limit: ERR4043806_1_fastqc.html
[2025-10-03 17:23:25,015] multiqc                                            [DEBUG  ]  File ignored by rseqc/infer_experiment because it exceeded search pattern filesize limit: ERR4043806_1_fastqc.html
[2025-10-03 17:23:25,047] multiqc                                            [DEBUG  ]  File ignored by nanostat because it exceeded search pattern filesize limit: ERR4043806_1_fastqc.html
[2025-10-03 17:23:25,051] multiqc                                            [DEBUG  ]  File ignored by ccs/v4 because it exceeded search pattern filesize limit: ERR4042883_2_fastqc.html
[2025-10-03 17:23:25,052] multiqc                                            [DEBUG  ]  File ignored by hicexplorer because it exceeded search pattern filesize limit: ERR4042883_2_fastqc.html
[2025-10-03 17:23:25,052] multiqc                                            [DEBUG  ]  File ignored by lima/summary because it exceeded search pattern filesize limit: ERR4042883_2_fastqc.html
[2025-10-03 17:23:25,053] multiqc                                            [DEBUG  ]  File ignored by vep/vep_html because it exceeded search pattern filesize limit: ERR4042883_2_fastqc.html
[2025-10-03 17:23:25,053] multiqc                                            [DEBUG  ]  File ignored by vep/vep_txt because it exceeded search pattern filesize limit: ERR4042883_2_fastqc.html
[2025-10-03 17:23:25,053] multiqc                                            [DEBUG  ]  File ignored by longranger/invocation because it exceeded search pattern filesize limit: ERR4042883_2_fastqc.html
[2025-10-03 17:23:25,053] multiqc                                            [DEBUG  ]  File ignored by rockhopper because it exceeded search pattern filesize limit: ERR4042883_2_fastqc.html
[2025-10-03 17:23:25,053] multiqc                                            [DEBUG  ]  File ignored by rseqc/bam_stat because it exceeded search pattern filesize limit: ERR4042883_2_fastqc.html
[2025-10-03 17:23:25,053] multiqc                                            [DEBUG  ]  File ignored by rseqc/junction_annotation because it exceeded search pattern filesize limit: ERR4042883_2_fastqc.html
[2025-10-03 17:23:25,053] multiqc                                            [DEBUG  ]  File ignored by rseqc/read_distribution because it exceeded search pattern filesize limit: ERR4042883_2_fastqc.html
[2025-10-03 17:23:25,053] multiqc                                            [DEBUG  ]  File ignored by rseqc/infer_experiment because it exceeded search pattern filesize limit: ERR4042883_2_fastqc.html
[2025-10-03 17:23:25,054] multiqc                                            [DEBUG  ]  File ignored by stacks/sumstats because it exceeded search pattern filesize limit: ERR4042883_2_fastqc.html
[2025-10-03 17:23:25,088] multiqc                                            [DEBUG  ]  File ignored by nanostat because it exceeded search pattern filesize limit: ERR4042883_2_fastqc.html
[2025-10-03 17:23:25,092] multiqc                                            [DEBUG  ]  File ignored by ccs/v4 because it exceeded search pattern filesize limit: ERR4042941_1_fastqc.html
[2025-10-03 17:23:25,093] multiqc                                            [DEBUG  ]  File ignored by hicexplorer because it exceeded search pattern filesize limit: ERR4042941_1_fastqc.html
[2025-10-03 17:23:25,093] multiqc                                            [DEBUG  ]  File ignored by lima/summary because it exceeded search pattern filesize limit: ERR4042941_1_fastqc.html
[2025-10-03 17:23:25,094] multiqc                                            [DEBUG  ]  File ignored by vep/vep_txt because it exceeded search pattern filesize limit: ERR4042941_1_fastqc.html
[2025-10-03 17:23:25,094] multiqc                                            [DEBUG  ]  File ignored by longranger/invocation because it exceeded search pattern filesize limit: ERR4042941_1_fastqc.html
[2025-10-03 17:23:25,094] multiqc                                            [DEBUG  ]  File ignored by rockhopper because it exceeded search pattern filesize limit: ERR4042941_1_fastqc.html
[2025-10-03 17:23:25,094] multiqc                                            [DEBUG  ]  File ignored by rseqc/bam_stat because it exceeded search pattern filesize limit: ERR4042941_1_fastqc.html
[2025-10-03 17:23:25,094] multiqc                                            [DEBUG  ]  File ignored by rseqc/junction_annotation because it exceeded search pattern filesize limit: ERR4042941_1_fastqc.html
[2025-10-03 17:23:25,094] multiqc                                            [DEBUG  ]  File ignored by rseqc/read_distribution because it exceeded search pattern filesize limit: ERR4042941_1_fastqc.html
[2025-10-03 17:23:25,094] multiqc                                            [DEBUG  ]  File ignored by rseqc/infer_experiment because it exceeded search pattern filesize limit: ERR4042941_1_fastqc.html
[2025-10-03 17:23:25,130] multiqc                                            [DEBUG  ]  File ignored by nanostat because it exceeded search pattern filesize limit: ERR4042941_1_fastqc.html
[2025-10-03 17:23:25,134] multiqc                                            [DEBUG  ]  File ignored by ccs/v4 because it exceeded search pattern filesize limit: ERR4043299_2_fastqc.html
[2025-10-03 17:23:25,134] multiqc                                            [DEBUG  ]  File ignored by hicexplorer because it exceeded search pattern filesize limit: ERR4043299_2_fastqc.html
[2025-10-03 17:23:25,135] multiqc                                            [DEBUG  ]  File ignored by lima/summary because it exceeded search pattern filesize limit: ERR4043299_2_fastqc.html
[2025-10-03 17:23:25,135] multiqc                                            [DEBUG  ]  File ignored by vep/vep_html because it exceeded search pattern filesize limit: ERR4043299_2_fastqc.html
[2025-10-03 17:23:25,135] multiqc                                            [DEBUG  ]  File ignored by vep/vep_txt because it exceeded search pattern filesize limit: ERR4043299_2_fastqc.html
[2025-10-03 17:23:25,135] multiqc                                            [DEBUG  ]  File ignored by longranger/invocation because it exceeded search pattern filesize limit: ERR4043299_2_fastqc.html
[2025-10-03 17:23:25,135] multiqc                                            [DEBUG  ]  File ignored by rockhopper because it exceeded search pattern filesize limit: ERR4043299_2_fastqc.html
[2025-10-03 17:23:25,135] multiqc                                            [DEBUG  ]  File ignored by rseqc/bam_stat because it exceeded search pattern filesize limit: ERR4043299_2_fastqc.html
[2025-10-03 17:23:25,136] multiqc                                            [DEBUG  ]  File ignored by rseqc/junction_annotation because it exceeded search pattern filesize limit: ERR4043299_2_fastqc.html
[2025-10-03 17:23:25,136] multiqc                                            [DEBUG  ]  File ignored by rseqc/read_distribution because it exceeded search pattern filesize limit: ERR4043299_2_fastqc.html
[2025-10-03 17:23:25,136] multiqc                                            [DEBUG  ]  File ignored by rseqc/infer_experiment because it exceeded search pattern filesize limit: ERR4043299_2_fastqc.html
[2025-10-03 17:23:25,136] multiqc                                            [DEBUG  ]  File ignored by stacks/sumstats because it exceeded search pattern filesize limit: ERR4043299_2_fastqc.html
[2025-10-03 17:23:25,171] multiqc                                            [DEBUG  ]  File ignored by nanostat because it exceeded search pattern filesize limit: ERR4043299_2_fastqc.html
[2025-10-03 17:23:25,175] multiqc                                            [DEBUG  ]  File ignored by ccs/v4 because it exceeded search pattern filesize limit: ERR4043596_1_fastqc.html
[2025-10-03 17:23:25,175] multiqc                                            [DEBUG  ]  File ignored by hicexplorer because it exceeded search pattern filesize limit: ERR4043596_1_fastqc.html
[2025-10-03 17:23:25,175] multiqc                                            [DEBUG  ]  File ignored by lima/summary because it exceeded search pattern filesize limit: ERR4043596_1_fastqc.html
[2025-10-03 17:23:25,176] multiqc                                            [DEBUG  ]  File ignored by vep/vep_txt because it exceeded search pattern filesize limit: ERR4043596_1_fastqc.html
[2025-10-03 17:23:25,176] multiqc                                            [DEBUG  ]  File ignored by longranger/invocation because it exceeded search pattern filesize limit: ERR4043596_1_fastqc.html
[2025-10-03 17:23:25,176] multiqc                                            [DEBUG  ]  File ignored by rockhopper because it exceeded search pattern filesize limit: ERR4043596_1_fastqc.html
[2025-10-03 17:23:25,176] multiqc                                            [DEBUG  ]  File ignored by rseqc/bam_stat because it exceeded search pattern filesize limit: ERR4043596_1_fastqc.html
[2025-10-03 17:23:25,176] multiqc                                            [DEBUG  ]  File ignored by rseqc/junction_annotation because it exceeded search pattern filesize limit: ERR4043596_1_fastqc.html
[2025-10-03 17:23:25,176] multiqc                                            [DEBUG  ]  File ignored by rseqc/read_distribution because it exceeded search pattern filesize limit: ERR4043596_1_fastqc.html
[2025-10-03 17:23:25,176] multiqc                                            [DEBUG  ]  File ignored by rseqc/infer_experiment because it exceeded search pattern filesize limit: ERR4043596_1_fastqc.html
[2025-10-03 17:23:25,208] multiqc                                            [DEBUG  ]  File ignored by nanostat because it exceeded search pattern filesize limit: ERR4043596_1_fastqc.html
[2025-10-03 17:23:25,212] multiqc                                            [DEBUG  ]  File ignored by ccs/v4 because it exceeded search pattern filesize limit: ERR4042849_2_fastqc.html
[2025-10-03 17:23:25,212] multiqc                                            [DEBUG  ]  File ignored by hicexplorer because it exceeded search pattern filesize limit: ERR4042849_2_fastqc.html
[2025-10-03 17:23:25,213] multiqc                                            [DEBUG  ]  File ignored by lima/summary because it exceeded search pattern filesize limit: ERR4042849_2_fastqc.html
[2025-10-03 17:23:25,213] multiqc                                            [DEBUG  ]  File ignored by vep/vep_html because it exceeded search pattern filesize limit: ERR4042849_2_fastqc.html
[2025-10-03 17:23:25,213] multiqc                                            [DEBUG  ]  File ignored by vep/vep_txt because it exceeded search pattern filesize limit: ERR4042849_2_fastqc.html
[2025-10-03 17:23:25,213] multiqc                                            [DEBUG  ]  File ignored by longranger/invocation because it exceeded search pattern filesize limit: ERR4042849_2_fastqc.html
[2025-10-03 17:23:25,213] multiqc                                            [DEBUG  ]  File ignored by rockhopper because it exceeded search pattern filesize limit: ERR4042849_2_fastqc.html
[2025-10-03 17:23:25,213] multiqc                                            [DEBUG  ]  File ignored by rseqc/bam_stat because it exceeded search pattern filesize limit: ERR4042849_2_fastqc.html
[2025-10-03 17:23:25,214] multiqc                                            [DEBUG  ]  File ignored by rseqc/junction_annotation because it exceeded search pattern filesize limit: ERR4042849_2_fastqc.html
[2025-10-03 17:23:25,214] multiqc                                            [DEBUG  ]  File ignored by rseqc/read_distribution because it exceeded search pattern filesize limit: ERR4042849_2_fastqc.html
[2025-10-03 17:23:25,214] multiqc                                            [DEBUG  ]  File ignored by rseqc/infer_experiment because it exceeded search pattern filesize limit: ERR4042849_2_fastqc.html
[2025-10-03 17:23:25,214] multiqc                                            [DEBUG  ]  File ignored by stacks/sumstats because it exceeded search pattern filesize limit: ERR4042849_2_fastqc.html
[2025-10-03 17:23:25,253] multiqc                                            [DEBUG  ]  File ignored by nanostat because it exceeded search pattern filesize limit: ERR4042849_2_fastqc.html
[2025-10-03 17:23:25,257] multiqc                                            [DEBUG  ]  File ignored by ccs/v4 because it exceeded search pattern filesize limit: ERR4043412_2_fastqc.html
[2025-10-03 17:23:25,258] multiqc                                            [DEBUG  ]  File ignored by hicexplorer because it exceeded search pattern filesize limit: ERR4043412_2_fastqc.html
[2025-10-03 17:23:25,258] multiqc                                            [DEBUG  ]  File ignored by lima/summary because it exceeded search pattern filesize limit: ERR4043412_2_fastqc.html
[2025-10-03 17:23:25,258] multiqc                                            [DEBUG  ]  File ignored by vep/vep_html because it exceeded search pattern filesize limit: ERR4043412_2_fastqc.html
[2025-10-03 17:23:25,258] multiqc                                            [DEBUG  ]  File ignored by vep/vep_txt because it exceeded search pattern filesize limit: ERR4043412_2_fastqc.html
[2025-10-03 17:23:25,259] multiqc                                            [DEBUG  ]  File ignored by longranger/invocation because it exceeded search pattern filesize limit: ERR4043412_2_fastqc.html
[2025-10-03 17:23:25,259] multiqc                                            [DEBUG  ]  File ignored by rockhopper because it exceeded search pattern filesize limit: ERR4043412_2_fastqc.html
[2025-10-03 17:23:25,259] multiqc                                            [DEBUG  ]  File ignored by rseqc/bam_stat because it exceeded search pattern filesize limit: ERR4043412_2_fastqc.html
[2025-10-03 17:23:25,259] multiqc                                            [DEBUG  ]  File ignored by rseqc/junction_annotation because it exceeded search pattern filesize limit: ERR4043412_2_fastqc.html
[2025-10-03 17:23:25,259] multiqc                                            [DEBUG  ]  File ignored by rseqc/read_distribution because it exceeded search pattern filesize limit: ERR4043412_2_fastqc.html
[2025-10-03 17:23:25,259] multiqc                                            [DEBUG  ]  File ignored by rseqc/infer_experiment because it exceeded search pattern filesize limit: ERR4043412_2_fastqc.html
[2025-10-03 17:23:25,259] multiqc                                            [DEBUG  ]  File ignored by stacks/sumstats because it exceeded search pattern filesize limit: ERR4043412_2_fastqc.html
[2025-10-03 17:23:25,293] multiqc                                            [DEBUG  ]  File ignored by nanostat because it exceeded search pattern filesize limit: ERR4043412_2_fastqc.html
[2025-10-03 17:23:25,297] multiqc                                            [DEBUG  ]  File ignored by ccs/v4 because it exceeded search pattern filesize limit: ERR4043295_2_fastqc.html
[2025-10-03 17:23:25,298] multiqc                                            [DEBUG  ]  File ignored by hicexplorer because it exceeded search pattern filesize limit: ERR4043295_2_fastqc.html
[2025-10-03 17:23:25,298] multiqc                                            [DEBUG  ]  File ignored by lima/summary because it exceeded search pattern filesize limit: ERR4043295_2_fastqc.html
[2025-10-03 17:23:25,299] multiqc                                            [DEBUG  ]  File ignored by vep/vep_html because it exceeded search pattern filesize limit: ERR4043295_2_fastqc.html
[2025-10-03 17:23:25,299] multiqc                                            [DEBUG  ]  File ignored by vep/vep_txt because it exceeded search pattern filesize limit: ERR4043295_2_fastqc.html
[2025-10-03 17:23:25,299] multiqc                                            [DEBUG  ]  File ignored by longranger/invocation because it exceeded search pattern filesize limit: ERR4043295_2_fastqc.html
[2025-10-03 17:23:25,299] multiqc                                            [DEBUG  ]  File ignored by rockhopper because it exceeded search pattern filesize limit: ERR4043295_2_fastqc.html
[2025-10-03 17:23:25,299] multiqc                                            [DEBUG  ]  File ignored by rseqc/bam_stat because it exceeded search pattern filesize limit: ERR4043295_2_fastqc.html
[2025-10-03 17:23:25,299] multiqc                                            [DEBUG  ]  File ignored by rseqc/junction_annotation because it exceeded search pattern filesize limit: ERR4043295_2_fastqc.html
[2025-10-03 17:23:25,299] multiqc                                            [DEBUG  ]  File ignored by rseqc/read_distribution because it exceeded search pattern filesize limit: ERR4043295_2_fastqc.html
[2025-10-03 17:23:25,299] multiqc                                            [DEBUG  ]  File ignored by rseqc/infer_experiment because it exceeded search pattern filesize limit: ERR4043295_2_fastqc.html
[2025-10-03 17:23:25,300] multiqc                                            [DEBUG  ]  File ignored by stacks/sumstats because it exceeded search pattern filesize limit: ERR4043295_2_fastqc.html
[2025-10-03 17:23:25,337] multiqc                                            [DEBUG  ]  File ignored by nanostat because it exceeded search pattern filesize limit: ERR4043295_2_fastqc.html
[2025-10-03 17:23:25,342] multiqc                                            [DEBUG  ]  File ignored by ccs/v4 because it exceeded search pattern filesize limit: ERR4042849_1_fastqc.html
[2025-10-03 17:23:25,342] multiqc                                            [DEBUG  ]  File ignored by hicexplorer because it exceeded search pattern filesize limit: ERR4042849_1_fastqc.html
[2025-10-03 17:23:25,342] multiqc                                            [DEBUG  ]  File ignored by lima/summary because it exceeded search pattern filesize limit: ERR4042849_1_fastqc.html
[2025-10-03 17:23:25,343] multiqc                                            [DEBUG  ]  File ignored by vep/vep_txt because it exceeded search pattern filesize limit: ERR4042849_1_fastqc.html
[2025-10-03 17:23:25,343] multiqc                                            [DEBUG  ]  File ignored by longranger/invocation because it exceeded search pattern filesize limit: ERR4042849_1_fastqc.html
[2025-10-03 17:23:25,343] multiqc                                            [DEBUG  ]  File ignored by rockhopper because it exceeded search pattern filesize limit: ERR4042849_1_fastqc.html
[2025-10-03 17:23:25,343] multiqc                                            [DEBUG  ]  File ignored by rseqc/bam_stat because it exceeded search pattern filesize limit: ERR4042849_1_fastqc.html
[2025-10-03 17:23:25,343] multiqc                                            [DEBUG  ]  File ignored by rseqc/junction_annotation because it exceeded search pattern filesize limit: ERR4042849_1_fastqc.html
[2025-10-03 17:23:25,343] multiqc                                            [DEBUG  ]  File ignored by rseqc/read_distribution because it exceeded search pattern filesize limit: ERR4042849_1_fastqc.html
[2025-10-03 17:23:25,343] multiqc                                            [DEBUG  ]  File ignored by rseqc/infer_experiment because it exceeded search pattern filesize limit: ERR4042849_1_fastqc.html
[2025-10-03 17:23:25,376] multiqc                                            [DEBUG  ]  File ignored by nanostat because it exceeded search pattern filesize limit: ERR4042849_1_fastqc.html
[2025-10-03 17:23:25,380] multiqc                                            [DEBUG  ]  File ignored by ccs/v4 because it exceeded search pattern filesize limit: ERR4042921_1_fastqc.html
[2025-10-03 17:23:25,381] multiqc                                            [DEBUG  ]  File ignored by hicexplorer because it exceeded search pattern filesize limit: ERR4042921_1_fastqc.html
[2025-10-03 17:23:25,381] multiqc                                            [DEBUG  ]  File ignored by lima/summary because it exceeded search pattern filesize limit: ERR4042921_1_fastqc.html
[2025-10-03 17:23:25,382] multiqc                                            [DEBUG  ]  File ignored by vep/vep_txt because it exceeded search pattern filesize limit: ERR4042921_1_fastqc.html
[2025-10-03 17:23:25,382] multiqc                                            [DEBUG  ]  File ignored by longranger/invocation because it exceeded search pattern filesize limit: ERR4042921_1_fastqc.html
[2025-10-03 17:23:25,382] multiqc                                            [DEBUG  ]  File ignored by rockhopper because it exceeded search pattern filesize limit: ERR4042921_1_fastqc.html
[2025-10-03 17:23:25,382] multiqc                                            [DEBUG  ]  File ignored by rseqc/bam_stat because it exceeded search pattern filesize limit: ERR4042921_1_fastqc.html
[2025-10-03 17:23:25,382] multiqc                                            [DEBUG  ]  File ignored by rseqc/junction_annotation because it exceeded search pattern filesize limit: ERR4042921_1_fastqc.html
[2025-10-03 17:23:25,382] multiqc                                            [DEBUG  ]  File ignored by rseqc/read_distribution because it exceeded search pattern filesize limit: ERR4042921_1_fastqc.html
[2025-10-03 17:23:25,382] multiqc                                            [DEBUG  ]  File ignored by rseqc/infer_experiment because it exceeded search pattern filesize limit: ERR4042921_1_fastqc.html
[2025-10-03 17:23:25,414] multiqc                                            [DEBUG  ]  File ignored by nanostat because it exceeded search pattern filesize limit: ERR4042921_1_fastqc.html
[2025-10-03 17:23:25,417] multiqc                                            [DEBUG  ]  File ignored by ccs/v4 because it exceeded search pattern filesize limit: ERR4043606_2_fastqc.html
[2025-10-03 17:23:25,418] multiqc                                            [DEBUG  ]  File ignored by hicexplorer because it exceeded search pattern filesize limit: ERR4043606_2_fastqc.html
[2025-10-03 17:23:25,418] multiqc                                            [DEBUG  ]  File ignored by lima/summary because it exceeded search pattern filesize limit: ERR4043606_2_fastqc.html
[2025-10-03 17:23:25,419] multiqc                                            [DEBUG  ]  File ignored by vep/vep_txt because it exceeded search pattern filesize limit: ERR4043606_2_fastqc.html
[2025-10-03 17:23:25,419] multiqc                                            [DEBUG  ]  File ignored by longranger/invocation because it exceeded search pattern filesize limit: ERR4043606_2_fastqc.html
[2025-10-03 17:23:25,419] multiqc                                            [DEBUG  ]  File ignored by rockhopper because it exceeded search pattern filesize limit: ERR4043606_2_fastqc.html
[2025-10-03 17:23:25,419] multiqc                                            [DEBUG  ]  File ignored by rseqc/bam_stat because it exceeded search pattern filesize limit: ERR4043606_2_fastqc.html
[2025-10-03 17:23:25,419] multiqc                                            [DEBUG  ]  File ignored by rseqc/junction_annotation because it exceeded search pattern filesize limit: ERR4043606_2_fastqc.html
[2025-10-03 17:23:25,419] multiqc                                            [DEBUG  ]  File ignored by rseqc/read_distribution because it exceeded search pattern filesize limit: ERR4043606_2_fastqc.html
[2025-10-03 17:23:25,419] multiqc                                            [DEBUG  ]  File ignored by rseqc/infer_experiment because it exceeded search pattern filesize limit: ERR4043606_2_fastqc.html
[2025-10-03 17:23:25,456] multiqc                                            [DEBUG  ]  File ignored by nanostat because it exceeded search pattern filesize limit: ERR4043606_2_fastqc.html
[2025-10-03 17:23:25,460] multiqc                                            [DEBUG  ]  File ignored by ccs/v4 because it exceeded search pattern filesize limit: ERR4043412_1_fastqc.html
[2025-10-03 17:23:25,461] multiqc                                            [DEBUG  ]  File ignored by hicexplorer because it exceeded search pattern filesize limit: ERR4043412_1_fastqc.html
[2025-10-03 17:23:25,461] multiqc                                            [DEBUG  ]  File ignored by lima/summary because it exceeded search pattern filesize limit: ERR4043412_1_fastqc.html
[2025-10-03 17:23:25,461] multiqc                                            [DEBUG  ]  File ignored by vep/vep_txt because it exceeded search pattern filesize limit: ERR4043412_1_fastqc.html
[2025-10-03 17:23:25,462] multiqc                                            [DEBUG  ]  File ignored by longranger/invocation because it exceeded search pattern filesize limit: ERR4043412_1_fastqc.html
[2025-10-03 17:23:25,462] multiqc                                            [DEBUG  ]  File ignored by rockhopper because it exceeded search pattern filesize limit: ERR4043412_1_fastqc.html
[2025-10-03 17:23:25,462] multiqc                                            [DEBUG  ]  File ignored by rseqc/bam_stat because it exceeded search pattern filesize limit: ERR4043412_1_fastqc.html
[2025-10-03 17:23:25,462] multiqc                                            [DEBUG  ]  File ignored by rseqc/junction_annotation because it exceeded search pattern filesize limit: ERR4043412_1_fastqc.html
[2025-10-03 17:23:25,462] multiqc                                            [DEBUG  ]  File ignored by rseqc/read_distribution because it exceeded search pattern filesize limit: ERR4043412_1_fastqc.html
[2025-10-03 17:23:25,462] multiqc                                            [DEBUG  ]  File ignored by rseqc/infer_experiment because it exceeded search pattern filesize limit: ERR4043412_1_fastqc.html
[2025-10-03 17:23:25,494] multiqc                                            [DEBUG  ]  File ignored by nanostat because it exceeded search pattern filesize limit: ERR4043412_1_fastqc.html
[2025-10-03 17:23:25,498] multiqc                                            [DEBUG  ]  File ignored by ccs/v4 because it exceeded search pattern filesize limit: ERR4042949_1_fastqc.html
[2025-10-03 17:23:25,498] multiqc                                            [DEBUG  ]  File ignored by hicexplorer because it exceeded search pattern filesize limit: ERR4042949_1_fastqc.html
[2025-10-03 17:23:25,498] multiqc                                            [DEBUG  ]  File ignored by lima/summary because it exceeded search pattern filesize limit: ERR4042949_1_fastqc.html
[2025-10-03 17:23:25,499] multiqc                                            [DEBUG  ]  File ignored by vep/vep_txt because it exceeded search pattern filesize limit: ERR4042949_1_fastqc.html
[2025-10-03 17:23:25,499] multiqc                                            [DEBUG  ]  File ignored by longranger/invocation because it exceeded search pattern filesize limit: ERR4042949_1_fastqc.html
[2025-10-03 17:23:25,499] multiqc                                            [DEBUG  ]  File ignored by rockhopper because it exceeded search pattern filesize limit: ERR4042949_1_fastqc.html
[2025-10-03 17:23:25,499] multiqc                                            [DEBUG  ]  File ignored by rseqc/bam_stat because it exceeded search pattern filesize limit: ERR4042949_1_fastqc.html
[2025-10-03 17:23:25,499] multiqc                                            [DEBUG  ]  File ignored by rseqc/junction_annotation because it exceeded search pattern filesize limit: ERR4042949_1_fastqc.html
[2025-10-03 17:23:25,499] multiqc                                            [DEBUG  ]  File ignored by rseqc/read_distribution because it exceeded search pattern filesize limit: ERR4042949_1_fastqc.html
[2025-10-03 17:23:25,499] multiqc                                            [DEBUG  ]  File ignored by rseqc/infer_experiment because it exceeded search pattern filesize limit: ERR4042949_1_fastqc.html
[2025-10-03 17:23:25,533] multiqc                                            [DEBUG  ]  File ignored by nanostat because it exceeded search pattern filesize limit: ERR4042949_1_fastqc.html
[2025-10-03 17:23:25,537] multiqc                                            [DEBUG  ]  File ignored by ccs/v4 because it exceeded search pattern filesize limit: ERR4043295_1_fastqc.html
[2025-10-03 17:23:25,537] multiqc                                            [DEBUG  ]  File ignored by hicexplorer because it exceeded search pattern filesize limit: ERR4043295_1_fastqc.html
[2025-10-03 17:23:25,537] multiqc                                            [DEBUG  ]  File ignored by lima/summary because it exceeded search pattern filesize limit: ERR4043295_1_fastqc.html
[2025-10-03 17:23:25,538] multiqc                                            [DEBUG  ]  File ignored by vep/vep_txt because it exceeded search pattern filesize limit: ERR4043295_1_fastqc.html
[2025-10-03 17:23:25,538] multiqc                                            [DEBUG  ]  File ignored by longranger/invocation because it exceeded search pattern filesize limit: ERR4043295_1_fastqc.html
[2025-10-03 17:23:25,538] multiqc                                            [DEBUG  ]  File ignored by rockhopper because it exceeded search pattern filesize limit: ERR4043295_1_fastqc.html
[2025-10-03 17:23:25,538] multiqc                                            [DEBUG  ]  File ignored by rseqc/bam_stat because it exceeded search pattern filesize limit: ERR4043295_1_fastqc.html
[2025-10-03 17:23:25,538] multiqc                                            [DEBUG  ]  File ignored by rseqc/junction_annotation because it exceeded search pattern filesize limit: ERR4043295_1_fastqc.html
[2025-10-03 17:23:25,538] multiqc                                            [DEBUG  ]  File ignored by rseqc/read_distribution because it exceeded search pattern filesize limit: ERR4043295_1_fastqc.html
[2025-10-03 17:23:25,538] multiqc                                            [DEBUG  ]  File ignored by rseqc/infer_experiment because it exceeded search pattern filesize limit: ERR4043295_1_fastqc.html
[2025-10-03 17:23:25,570] multiqc                                            [DEBUG  ]  File ignored by nanostat because it exceeded search pattern filesize limit: ERR4043295_1_fastqc.html
[2025-10-03 17:23:25,574] multiqc                                            [DEBUG  ]  File ignored by ccs/v4 because it exceeded search pattern filesize limit: ERR4043086_2_fastqc.html
[2025-10-03 17:23:25,575] multiqc                                            [DEBUG  ]  File ignored by hicexplorer because it exceeded search pattern filesize limit: ERR4043086_2_fastqc.html
[2025-10-03 17:23:25,575] multiqc                                            [DEBUG  ]  File ignored by lima/summary because it exceeded search pattern filesize limit: ERR4043086_2_fastqc.html
[2025-10-03 17:23:25,576] multiqc                                            [DEBUG  ]  File ignored by vep/vep_txt because it exceeded search pattern filesize limit: ERR4043086_2_fastqc.html
[2025-10-03 17:23:25,576] multiqc                                            [DEBUG  ]  File ignored by longranger/invocation because it exceeded search pattern filesize limit: ERR4043086_2_fastqc.html
[2025-10-03 17:23:25,576] multiqc                                            [DEBUG  ]  File ignored by rockhopper because it exceeded search pattern filesize limit: ERR4043086_2_fastqc.html
[2025-10-03 17:23:25,576] multiqc                                            [DEBUG  ]  File ignored by rseqc/bam_stat because it exceeded search pattern filesize limit: ERR4043086_2_fastqc.html
[2025-10-03 17:23:25,576] multiqc                                            [DEBUG  ]  File ignored by rseqc/junction_annotation because it exceeded search pattern filesize limit: ERR4043086_2_fastqc.html
[2025-10-03 17:23:25,576] multiqc                                            [DEBUG  ]  File ignored by rseqc/read_distribution because it exceeded search pattern filesize limit: ERR4043086_2_fastqc.html
[2025-10-03 17:23:25,576] multiqc                                            [DEBUG  ]  File ignored by rseqc/infer_experiment because it exceeded search pattern filesize limit: ERR4043086_2_fastqc.html
[2025-10-03 17:23:25,610] multiqc                                            [DEBUG  ]  File ignored by nanostat because it exceeded search pattern filesize limit: ERR4043086_2_fastqc.html
[2025-10-03 17:23:25,614] multiqc                                            [DEBUG  ]  File ignored by ccs/v4 because it exceeded search pattern filesize limit: ERR4043803_1_fastqc.html
[2025-10-03 17:23:25,615] multiqc                                            [DEBUG  ]  File ignored by hicexplorer because it exceeded search pattern filesize limit: ERR4043803_1_fastqc.html
[2025-10-03 17:23:25,615] multiqc                                            [DEBUG  ]  File ignored by lima/summary because it exceeded search pattern filesize limit: ERR4043803_1_fastqc.html
[2025-10-03 17:23:25,616] multiqc                                            [DEBUG  ]  File ignored by vep/vep_txt because it exceeded search pattern filesize limit: ERR4043803_1_fastqc.html
[2025-10-03 17:23:25,616] multiqc                                            [DEBUG  ]  File ignored by longranger/invocation because it exceeded search pattern filesize limit: ERR4043803_1_fastqc.html
[2025-10-03 17:23:25,616] multiqc                                            [DEBUG  ]  File ignored by rockhopper because it exceeded search pattern filesize limit: ERR4043803_1_fastqc.html
[2025-10-03 17:23:25,616] multiqc                                            [DEBUG  ]  File ignored by rseqc/bam_stat because it exceeded search pattern filesize limit: ERR4043803_1_fastqc.html
[2025-10-03 17:23:25,616] multiqc                                            [DEBUG  ]  File ignored by rseqc/junction_annotation because it exceeded search pattern filesize limit: ERR4043803_1_fastqc.html
[2025-10-03 17:23:25,616] multiqc                                            [DEBUG  ]  File ignored by rseqc/read_distribution because it exceeded search pattern filesize limit: ERR4043803_1_fastqc.html
[2025-10-03 17:23:25,616] multiqc                                            [DEBUG  ]  File ignored by rseqc/infer_experiment because it exceeded search pattern filesize limit: ERR4043803_1_fastqc.html
[2025-10-03 17:23:25,652] multiqc                                            [DEBUG  ]  File ignored by nanostat because it exceeded search pattern filesize limit: ERR4043803_1_fastqc.html
[2025-10-03 17:23:27,842] multiqc.plots.linegraph                            [DEBUG  ]  Using matplotlib version 3.5.1
[2025-10-03 17:23:27,843] multiqc.plots.bargraph                             [DEBUG  ]  Using matplotlib version 3.5.1
[2025-10-03 17:23:28,160] multiqc.modules.fastqc.fastqc                      [INFO   ]  Found 40 reports
[2025-10-03 17:23:28,678] multiqc                                            [INFO   ]  Compressing plot data
[2025-10-03 17:23:28,948] multiqc                                            [INFO   ]  Report      : fastqc_raw/multiqc_report.html
[2025-10-03 17:23:28,948] multiqc                                            [INFO   ]  Data        : fastqc_raw/multiqc_data
[2025-10-03 17:23:28,948] multiqc                                            [DEBUG  ]  Moving data file from '/tmp/tmpocuohzmo/multiqc_data' to 'fastqc_raw/multiqc_data'
[2025-10-03 17:23:29,012] multiqc                                            [INFO   ]  MultiQC complete
